boot_bootutil.a
boot_split.a
crypto_mbedtls.a
encoding_base64.a
encoding_cborattr.a
encoding_tinycbor.a
hw_bsp_nrf51dk-16kbram-openocd.a
hw_cmsis-core.a
hw_drivers_nimble_nrf51.a
hw_drivers_uart_uart_hal.a
hw_hal.a
hw_mcu_nordic_nrf51xxx.a
kernel_os.a
libc_baselibc.a
mgmt_imgmgr.a
mgmt_mgmt.a
mgmt_newtmgr.a
mgmt_newtmgr_nmgr_os.a
mgmt_newtmgr_transport_ble.a
net_nimble_controller.a
net_nimble_host.a
net_nimble_host_services_ans.a
net_nimble_host_services_gap.a
net_nimble_host_services_gatt.a
net_nimble_host_store_ram.a
net_nimble.a
net_nimble_transport_ram.a
sys_config.a
sys_flash_map.a
sys_id.a
sys_mfg.a
sys_reboot.a
sys_stats_full.a
sys_sysinit.a
time_datetime.a
util_mem.a
libgcc.a
   