
   1360     104 boot_bootutil.a
    438      26 boot_split.a
   1308       0 crypto_mbedtls.a
    268       0 encoding_base64.a
   1440       0 encoding_cborattr.a
   2904       0 encoding_tinycbor.a
    558     448 hw_bsp_nrf51dk-16kbram-openocd.a
     56       0 hw_cmsis-core.a
   3244     697 hw_drivers_nimble_nrf51.a
    248       0 hw_drivers_uart_uart_hal.a
    420       0 hw_hal.a
   4448      80 hw_mcu_nordic_nrf51xxx.a
   7943    5865 kernel_os.a
   2972      38 libc_baselibc.a
   2504      24 mgmt_imgmgr.a
    224      20 mgmt_mgmt.a
    924     100 mgmt_newtmgr.a
   1513      44 mgmt_newtmgr_nmgr_os.a
    528     106 mgmt_newtmgr_transport_ble.a
  26439    1954 net_nimble_controller.a
  32497    2709 net_nimble_host.a
    860     222 net_nimble_host_services_ans.a
    500     219 net_nimble_host_services_gap.a
    220      62 net_nimble_host_services_gatt.a
   1148     620 net_nimble_host_store_ram.a
     72       0 net_nimble.a
    772     109 net_nimble_transport_ram.a
    860      13 sys_config.a
    568     128 sys_flash_map.a
    571     136 sys_id.a
    432      12 sys_mfg.a
    162       2 sys_reboot.a
    217      24 sys_stats_full.a
     32       5 sys_sysinit.a
   1632       0 time_datetime.a
    240       0 util_mem.a
    148       0 floorsensor-sysinit-app.a
   2572       0 libgcc.a
   